
--------------
SYNC DETAILS:
--------------
My host ip address: 192.168.100.13
Desktop Shark ip address: 192.168.100.13
My host name: shark
Desktop Shark hostname: shark
External storage drive 02 tag: WD1
External storage drive 02 tag: WD2
Log file: /home/esteban/Developer/mydroidandi/commbase/log/desktop-shark-run-sync-custom-directories-in-home-to-external-drives.log
Directories to sync:
~/.config/BraveSoftware/
~/config/
~/Developer/
~/Documents/
~/Downloads/
/etc/

<> Press CTRL-C to interrupt
<> Synchronizing custom /home/esteban directories ...
<> Syncing the directory: ~/.config/BraveSoftware/ to /media/esteban/WD1/SYNC/hosts/shark/.config/BraveSoftware/ ...
rsync: [sender] change_dir "/media/esteban/WD1/SYNC/hosts/shark/.config/BraveSoftware" failed: No such file or directory (2)
rsync error: some files/attrs were not transferred (see previous errors) (code 23) at main.c(1333) [sender=3.2.3]
<> Syncing the directory: ~/.config/BraveSoftware/ to /media/esteban/WD2/SYNC/hosts/shark/.config/BraveSoftware/ ...
<> Syncing the directory: ~/config/ to /media/esteban/WD1/SYNC/hosts/shark/config/ ...
rsync: [sender] change_dir "/media/esteban/WD1/SYNC/hosts/shark/config" failed: No such file or directory (2)
<> Syncing the directory: ~/config/ to /media/esteban/WD2/SYNC/hosts/shark/config/ ...
<> Syncing the directory: ~/Developer/ to /media/esteban/WD1/SYNC/hosts/shark/Developer/ ...
rsync: [Receiver] mkdir "/media/esteban/WD1/SYNC/hosts/shark/Developer" failed: No such file or directory (2)
rsync error: error in file IO (code 11) at main.c(787) [Receiver=3.2.3]
<> Syncing the directory: ~/Developer/ to /media/esteban/WD2/SYNC/hosts/shark/Developer/ ...
<> Syncing the directory: ~/Documents/ to /media/esteban/WD1/SYNC/hosts/shark/Documents/ ...
rsync: [Receiver] mkdir "/media/esteban/WD1/SYNC/hosts/shark/Documents" failed: No such file or directory (2)
rsync error: error in file IO (code 11) at main.c(787) [Receiver=3.2.3]
