
--------------
SYNC DETAILS:
--------------
My host ip address: 192.168.100.40
Desktop Shark ip address: 192.168.100.40
My host name: shark
Desktop Shark hostname: shark
External storage drive 02 tag: WD1
External storage drive 02 tag: WD2
Log file: /home/esteban/Developer/mydroidandi/commbase/log/desktop-shark-run-sync-custom-directories-in-home-to-external-drives.sh.log
Script file: /home/esteban/Developer/mydroidandi/commbase/core/skill-scripts/default/bash/r/rsync/desktop-shark-run-sync-custom-directories-in-home-to-external-drives.sh
Directories to sync:
~/.config/BraveSoftware/
~/config/
~/Developer/
~/Documents/
~/Downloads/
/etc/

<> Press CTRL-C to interrupt
<> Synchronizing custom /home/esteban directories ...
<> Syncing the directory: ~/.config/BraveSoftware/ to /media/esteban/WD1/SYNC/hosts/shark/.config/BraveSoftware/ ...
<> Syncing the directory: ~/.config/BraveSoftware/ to /media/esteban/WD2/SYNC/hosts/shark/.config/BraveSoftware/ ...
<> Syncing the directory: ~/config/ to /media/esteban/WD1/SYNC/hosts/shark/config/ ...
<> Syncing the directory: ~/config/ to /media/esteban/WD2/SYNC/hosts/shark/config/ ...
<> Syncing the directory: ~/Developer/ to /media/esteban/WD1/SYNC/hosts/shark/Developer/ ...
<> Syncing the directory: ~/Developer/ to /media/esteban/WD2/SYNC/hosts/shark/Developer/ ...
<> Syncing the directory: ~/Documents/ to /media/esteban/WD1/SYNC/hosts/shark/Documents/ ...
rsync: [receiver] mkstemp "/media/esteban/WD1/SYNC/hosts/shark/Documents/Parallel Economy/Bet Matching/888sport/.My first 3 free bets are in "Rewards".png.phYfOJ" failed: Invalid argument (22)
rsync error: some files/attrs were not transferred (see previous errors) (code 23) at main.c(1333) [sender=3.2.3]
<> Syncing the directory: ~/Documents/ to /media/esteban/WD2/SYNC/hosts/shark/Documents/ ...
rsync: [receiver] mkstemp "/media/esteban/WD2/SYNC/hosts/shark/Documents/Parallel Economy/Bet Matching/888sport/.My first 3 free bets are in "Rewards".png.OrmyjZ" failed: Invalid argument (22)
rsync error: some files/attrs were not transferred (see previous errors) (code 23) at main.c(1333) [sender=3.2.3]
<> Syncing the directory: ~/Downloads/ to /media/esteban/WD1/SYNC/hosts/shark/Downloads/ ...
<> Syncing the directory: ~/Downloads/ to /media/esteban/WD2/SYNC/hosts/shark/Downloads/ ...
<> Syncing the directory: /etc/ to /media/esteban/WD1/SYNC/hosts/shark/etc/ ...
<> Syncing the directory: /etc/ to /media/esteban/WD2/SYNC/hosts/shark/etc/ ...
<> Synchronization process completed.
<> Verify and resolve any sync issue based on the log file and then sync again!
